\BOOKMARK [0][-]{section*.2}{List of Figures}{}% 1
\BOOKMARK [0][-]{section*.4}{List of Tables}{}% 2
\BOOKMARK [0][-]{chapter*.6}{Declaration of Authorship}{}% 3
\BOOKMARK [0][-]{chapter*.7}{Acknowledgements}{}% 4
\BOOKMARK [0][-]{chapter.1}{Introduction}{}% 5
\BOOKMARK [1][-]{section.1.1}{Motivation and Preliminaries}{chapter.1}% 6
\BOOKMARK [1][-]{section.1.2}{Optimal Experimental Design}{chapter.1}% 7
\BOOKMARK [1][-]{section.1.3}{Aims and Objectives}{chapter.1}% 8
\BOOKMARK [1][-]{section.1.4}{Thesis Outline}{chapter.1}% 9
\BOOKMARK [0][-]{chapter.2}{Background and Related Work}{}% 10
\BOOKMARK [1][-]{section.2.1}{Basic Concepts of Optimal Experimental Design}{chapter.2}% 11
\BOOKMARK [2][-]{subsection.2.1.1}{Primary criteria}{section.2.1}% 12
\BOOKMARK [2][-]{subsection.2.1.2}{Combining design objectives}{section.2.1}% 13
\BOOKMARK [2][-]{subsection.2.1.3}{Blocked experiments}{section.2.1}% 14
\BOOKMARK [1][-]{section.2.2}{Multistratum Experiments}{chapter.2}% 15
\BOOKMARK [1][-]{section.2.3}{Accounting for Model Misspecification}{chapter.2}% 16
\BOOKMARK [1][-]{section.2.4}{Search Implementation: Point-Exchange Algorithm}{chapter.2}% 17
\BOOKMARK [0][-]{chapter.3}{Compound Criteria. Some Amendments}{}% 18
\BOOKMARK [1][-]{section.3.1}{Extra F-quantile}{chapter.3}% 19
\BOOKMARK [2][-]{subsection.3.1.1}{Optimal designs accounting for the model lack-of-fit}{section.3.1}% 20
\BOOKMARK [1][-]{section.3.2}{Desirability Function}{chapter.3}% 21
\BOOKMARK [2][-]{subsection.3.2.1}{Example of a smoothing function}{section.3.2}% 22
\BOOKMARK [2][-]{subsection.3.2.2}{Optimal designs}{section.3.2}% 23
\BOOKMARK [1][-]{section.3.3}{Conclusions}{chapter.3}% 24
\BOOKMARK [0][-]{chapter.4}{Generalised Compound Criteria}{}% 25
\BOOKMARK [1][-]{section.4.1}{Model-Robust and Model-Sensitive Approach}{chapter.4}% 26
\BOOKMARK [2][-]{subsection.4.1.1}{Model-robust approach}{section.4.1}% 27
\BOOKMARK [2][-]{subsection.4.1.2}{Model-sensitive approach}{section.4.1}% 28
\BOOKMARK [2][-]{subsection.4.1.3}{Generalised and compound criteria: example}{section.4.1}% 29
\BOOKMARK [1][-]{section.4.2}{Generalised Determinant- and Trace-based Criteria}{chapter.4}% 30
\BOOKMARK [2][-]{subsection.4.2.1}{Generalised DP-criterion}{section.4.2}% 31
\BOOKMARK [2][-]{subsection.4.2.2}{Generalised LP-criterion}{section.4.2}% 32
\BOOKMARK [2][-]{subsection.4.2.3}{Examples}{section.4.2}% 33
\BOOKMARK [3][-]{subsubsection.4.2.3.1}{Example 1}{subsection.4.2.3}% 34
\BOOKMARK [3][-]{subsubsection.4.2.3.2}{Example 2}{subsection.4.2.3}% 35
\BOOKMARK [1][-]{section.4.3}{Blocked Experiments}{chapter.4}% 36
\BOOKMARK [2][-]{subsection.4.3.1}{Generalised criteria}{section.4.3}% 37
\BOOKMARK [2][-]{subsection.4.3.2}{Example}{section.4.3}% 38
\BOOKMARK [1][-]{section.4.4}{Conclusions}{chapter.4}% 39
\BOOKMARK [0][-]{chapter.5}{MSE-based Criteria}{}% 40
\BOOKMARK [1][-]{section.5.1}{Mean Square Error Matrix}{chapter.5}% 41
\BOOKMARK [2][-]{subsection.5.1.1}{MSE determinant-based criterion}{section.5.1}% 42
\BOOKMARK [3][-]{subsubsection.5.1.1.1}{MC error evaluation}{subsection.5.1.1}% 43
\BOOKMARK [3][-]{subsubsection.5.1.1.2}{Point prior estimates of the MSE\(D\)-component}{subsection.5.1.1}% 44
\BOOKMARK [2][-]{subsection.5.1.2}{MSE trace-based criterion}{section.5.1}% 45
\BOOKMARK [1][-]{section.5.2}{Example}{chapter.5}% 46
\BOOKMARK [1][-]{section.5.3}{Conclusions and Discussion}{chapter.5}% 47
\BOOKMARK [0][-]{chapter.6}{MSE-based Criteria for Blocked Experiments}{}% 48
\BOOKMARK [1][-]{section.6.1}{MSE-Based Criteria Adapted for Blocked Experiments}{chapter.6}% 49
\BOOKMARK [2][-]{subsection.6.1.1}{Determinant-based criterion}{section.6.1}% 50
\BOOKMARK [2][-]{subsection.6.1.2}{Trace-based criterion}{section.6.1}% 51
\BOOKMARK [2][-]{subsection.6.1.3}{Example}{section.6.1}% 52
\BOOKMARK [1][-]{section.6.2}{Case Study Experiment}{chapter.6}% 53
\BOOKMARK [2][-]{subsection.6.2.1}{The experimental framework, aims and limitations}{section.6.2}% 54
\BOOKMARK [2][-]{subsection.6.2.2}{Design search}{section.6.2}% 55
\BOOKMARK [2][-]{subsection.6.2.3}{Results}{section.6.2}% 56
\BOOKMARK [1][-]{section.6.3}{Conclusions}{chapter.6}% 57
\BOOKMARK [0][-]{chapter.7}{MSE-based Criteria for Multistratum Experiments}{}% 58
\BOOKMARK [1][-]{section.7.1}{Response-Surface Methodology for Multistratum Designs}{chapter.7}% 59
\BOOKMARK [1][-]{section.7.2}{REML Methodology}{chapter.7}% 60
\BOOKMARK [1][-]{section.7.3}{Full Treatment Model}{chapter.7}% 61
\BOOKMARK [2][-]{subsection.7.3.1}{Pure-error REML}{section.7.3}% 62
\BOOKMARK [2][-]{subsection.7.3.2}{Yates' procedure}{section.7.3}% 63
\BOOKMARK [1][-]{section.7.4}{Design Construction for MSE-based Optimality Criteria}{chapter.7}% 64
\BOOKMARK [2][-]{subsection.7.4.1}{Construction procedure}{section.7.4}% 65
\BOOKMARK [2][-]{subsection.7.4.2}{Allocation of degrees of freedom}{section.7.4}% 66
\BOOKMARK [1][-]{section.7.5}{Examples}{chapter.7}% 67
\BOOKMARK [2][-]{subsection.7.5.1}{Example 1}{section.7.5}% 68
\BOOKMARK [2][-]{subsection.7.5.2}{Example 2}{section.7.5}% 69
\BOOKMARK [2][-]{subsection.7.5.3}{Example 3}{section.7.5}% 70
\BOOKMARK [1][-]{section.7.6}{Conclusions}{chapter.7}% 71
\BOOKMARK [2][-]{subsection.7.6.1}{Discussion}{section.7.6}% 72
\BOOKMARK [2][-]{subsection.7.6.2}{Some practical recommendations}{section.7.6}% 73
\BOOKMARK [0][-]{chapter.8}{Conclusions and Future Work}{}% 74
\BOOKMARK [1][-]{section.8.1}{Conclusions}{chapter.8}% 75
\BOOKMARK [1][-]{section.8.2}{Some Directions for Future Work}{chapter.8}% 76
\BOOKMARK [0][-]{chapter*.65}{Appendix}{}% 77
\BOOKMARK [1][-]{section.8.1}{Example 2: Optimal designs with respect to criteria with an extra F-quantile}{chapter*.65}% 78
\BOOKMARK [1][-]{section.8.2}{Example 2: Optimal designs in terms of criteria constructed with desirability functions}{chapter*.65}% 79
\BOOKMARK [1][-]{section.8.3}{Case-study: MSE\(D\)-optimal designs with the DPs lack-of-fit component}{chapter*.65}% 80
\BOOKMARK [0][-]{section*.71}{Bibliography}{}% 81
